<?xml version="1.0" encoding="UTF-8"?>
<!-- Generated by org.testng.reporters.JUnitXMLReporter -->
<testsuite ignored="0" hostname="DESKTOP-MMUI7DH" failures="0" tests="2" name="Error Validations Test" time="30.152" errors="0" timestamp="27 Feb 2024 05:59:07 GMT">
  <testcase classname="rahulshettyacademy.tests.ErrorValidationsTest" name="LoginErrorValidation" time="1.001"/>
  <testcase classname="rahulshettyacademy.tests.ErrorValidationsTest" name="ProductErrorValidation" time="4.574"/>
</testsuite> <!-- Error Validations Test -->
